<?xml version="1.0" encoding="UTF-8"?>
<!-- Generated by org.testng.reporters.JUnitReportReporter -->
<testsuite name="com.prueba.webdriver.LoginTest" tests="1" time="1.672" ignored="0" failures="0" timestamp="16 feb 2020 20:57:56 GMT" skipped="0" hostname="DESKTOP-63M0OIU" errors="0">
  <testcase name="Login" time="1.672" classname="com.prueba.webdriver.LoginTest"/>
</testsuite> <!-- com.prueba.webdriver.LoginTest -->
